Starting CAP Project Generator...
Using @sap/cds-dk [9.9.1] from /extbin/globals/pnpm/5/.pnpm/@sap+cds-dk@9.9.1_@eslint+js@10.0.1/node_modules/@sap/cds-dk
Using @sap/generator-cap-project [2.0.6] from [/extbin/globals/pnpm/5/.pnpm/@sap+generator-cap-project@2.0.6_encoding@0.1.13_mem-fs@2.1.0_yeoman-environment@3.19.3_@types+node@25.7.0_/node_modules/@sap/generator-cap-project]
Using root path [/home/user/projects]

Creating project with application-logging, approuter, destination, mta, nodejs, postgres, xsuaa

Adding facet: nodejs
Adding facet: mta
Adding facet: xsuaa
Adding facet: postgres
Adding facet: approuter
Adding facet: destination
Adding facet: application-logging

Successfully initialized CAP project
Continue with: code cap-pg-service 


Installing dependencies...

added 268 packages, and audited 269 packages in 5s

37 packages are looking for funding
  run `npm fund` for details

found 0 vulnerabilities

Finished installing dependencies

Done setting up project cap-pg-service
Project is ready to use

